<?xml version="1.0" encoding="UTF-8"?>
<!-- Generated by org.testng.reporters.JUnitReportReporter -->
<testsuite hostname="LAPTOP-CK13R8ST" failures="0" tests="4" name="TestNGKeywords.priority" time="0.010" errors="0" timestamp="2023-01-23T12:32:15 IST" skipped="0">
  <testcase classname="TestNGKeywords.priority" name="test2" time="0.007"/>
  <system-out/>
  <testcase classname="TestNGKeywords.priority" name="test3" time="0.002"/>
  <system-out/>
  <testcase classname="TestNGKeywords.priority" name="test4" time="0.000"/>
  <system-out/>
  <testcase classname="TestNGKeywords.priority" name="test1" time="0.001"/>
  <system-out/>
</testsuite> <!-- TestNGKeywords.priority -->
