<?xml version="1.0" encoding="UTF-8"?>
<!-- Generated by org.testng.reporters.JUnitReportReporter -->
<testsuite hostname="LAPTOP-CK13R8ST" failures="0" tests="1" name="FacebookProjectTests.ToVerifyLoginFunctionality" time="2.590" errors="0" timestamp="2023-01-29T13:10:06 IST" skipped="0">
  <testcase classname="FacebookProjectTests.ToVerifyLoginFunctionality" name="test1" time="2.590"/>
  <system-out/>
</testsuite> <!-- FacebookProjectTests.ToVerifyLoginFunctionality -->
