<?xml version="1.0" encoding="UTF-8"?>
<!-- Generated by org.testng.reporters.JUnitReportReporter -->
<testsuite hostname="LAPTOP-CK13R8ST" failures="0" tests="4" name="TestNGPack.TestClass1" time="0.012" errors="0" timestamp="2023-02-02T12:28:08 IST" skipped="0">
  <testcase classname="TestNGPack.TestClass1" name="testB" time="0.001"/>
  <system-out/>
  <testcase classname="TestNGPack.TestClass1" name="testC" time="0.001"/>
  <system-out/>
  <testcase classname="TestNGPack.TestClass1" name="testD" time="0.003"/>
  <system-out/>
  <testcase classname="TestNGPack.TestClass1" name="testA" time="0.007"/>
  <system-out/>
</testsuite> <!-- TestNGPack.TestClass1 -->
