<?xml version="1.0" encoding="UTF-8"?>
<!-- Generated by org.testng.reporters.JUnitReportReporter -->
<testsuite hostname="LAPTOP-CK13R8ST" failures="0" tests="7" name="TestNGKeywords.invocationCount" time="0.017" errors="0" timestamp="2023-01-23T12:51:46 IST" skipped="0">
  <testcase classname="TestNGKeywords.invocationCount" name="test2" time="0.006"/>
  <system-out/>
  <testcase classname="TestNGKeywords.invocationCount" name="test3" time="0.001"/>
  <system-out/>
  <testcase classname="TestNGKeywords.invocationCount" name="test4" time="0.002"/>
  <system-out/>
  <testcase classname="TestNGKeywords.invocationCount" name="test1" time="0.001"/>
  <system-out/>
  <testcase classname="TestNGKeywords.invocationCount" name="test1" time="0.002"/>
  <system-out/>
  <testcase classname="TestNGKeywords.invocationCount" name="test1" time="0.002"/>
  <system-out/>
  <testcase classname="TestNGKeywords.invocationCount" name="test1" time="0.003"/>
  <system-out/>
</testsuite> <!-- TestNGKeywords.invocationCount -->
