<?xml version="1.0" encoding="UTF-8"?>
<!-- Generated by org.testng.reporters.JUnitReportReporter -->
<testsuite hostname="LAPTOP-CK13R8ST" failures="0" tests="4" name="Demo.Class01" time="13.668" errors="0" timestamp="2023-02-12T11:04:08 IST" skipped="0">
  <testcase classname="Demo.Class01" name="verifyPageTitle2" time="4.423"/>
  <system-out/>
  <testcase classname="Demo.Class01" name="verifyPageTitle" time="2.659"/>
  <system-out/>
  <testcase classname="Demo.Class01" name="verifyPageTitle2" time="4.382"/>
  <system-out/>
  <testcase classname="Demo.Class01" name="verifyPageTitle" time="2.204"/>
  <system-out/>
</testsuite> <!-- Demo.Class01 -->
